{"type":"server-started","port":55445,"host":"127.0.0.1","url_host":"localhost","url":"http://localhost:55445","screen_dir":"/Users/michael/flowspace/.superpowers/brainstorm/38587-1778013595/content","state_dir":"/Users/michael/flowspace/.superpowers/brainstorm/38587-1778013595/state"}
{"type":"screen-added","file":"/Users/michael/flowspace/.superpowers/brainstorm/38587-1778013595/content/focus-areas.html"}
{"source":"user-event","type":"click","text":"D\n    \n      App preview mockup\n      The fake UI screenshot in the hero — make it more realistic or impressive","choice":"apppreview","id":null,"timestamp":1778013648122}
{"source":"user-event","type":"click","text":"B\n    \n      Visual design\n      Look and feel, color, spacing, typography, overall polish","choice":"visuals","id":null,"timestamp":1778013649275}
{"source":"user-event","type":"click","text":"A\n    \n      Copy & messaging\n      Headline, subheading, feature descriptions, FAQ answers — the words","choice":"copy","id":null,"timestamp":1778013657683}
{"source":"user-event","type":"click","text":"C\n    \n      Page structure & sections\n      Add, remove, or reorder sections — hero, features, testimonials, pricing, etc.","choice":"sections","id":null,"timestamp":1778013660950}
{"source":"user-event","type":"click","text":"E\n    \n      Pricing section\n      Plans, pricing tiers, what's included — including the \"Coming Soon\" Pro plan","choice":"pricing","id":null,"timestamp":1778013663333}
{"type":"screen-added","file":"/Users/michael/flowspace/.superpowers/brainstorm/38587-1778013595/content/design-direction.html"}
{"source":"user-event","type":"click","text":"B\n    \n      Bold & energetic\n      Big hero, strong gradients, feature-rich sections. Feels ambitious and full-featured. \"We built a lot — look at it.\"","choice":"bold","id":null,"timestamp":1778013721751}
{"source":"user-event","type":"click","text":"C\n    \n      Modern SaaS\n      Notion / Cron / Loom vibes — clean, trust-building, screenshot-heavy. Converts well. \"Just use it and see.\"","choice":"saas","id":null,"timestamp":1778013724000}
{"source":"user-event","type":"click","text":"B\n    \n      Bold & energetic\n      Big hero, strong gradients, feature-rich sections. Feels ambitious and full-featured. \"We built a lot — look at it.\"","choice":"bold","id":null,"timestamp":1778013725841}
{"source":"user-event","type":"click","text":"C\n    \n      Modern SaaS\n      Notion / Cron / Loom vibes — clean, trust-building, screenshot-heavy. Converts well. \"Just use it and see.\"","choice":"saas","id":null,"timestamp":1778013727634}
{"source":"user-event","type":"click","text":"C\n    \n      Modern SaaS\n      Notion / Cron / Loom vibes — clean, trust-building, screenshot-heavy. Converts well. \"Just use it and see.\"","choice":"saas","id":null,"timestamp":1778013729634}
{"type":"screen-added","file":"/Users/michael/flowspace/.superpowers/brainstorm/38587-1778013595/content/hero-mockup.html"}
{"source":"user-event","type":"click","text":"B\n    \n      Upgraded illustrated mockup\n      Keep the current HTML mockup approach but make it much richer — more realistic cards, sections, presence avatars, AI panel visible. Full control, no dependency on a real screenshot.","choice":"illustrated","id":null,"timestamp":1778013804837}
{"source":"user-event","type":"click","text":"C\n    \n      Split: desktop + mobile\n      Show the desktop app on the left, the mobile UI on the right. Sells the cross-device story and highlights the new mobile work.","choice":"split","id":null,"timestamp":1778013807693}
{"source":"user-event","type":"click","text":"B\n    \n      Upgraded illustrated mockup\n      Keep the current HTML mockup approach but make it much richer — more realistic cards, sections, presence avatars, AI panel visible. Full control, no dependency on a real screenshot.","choice":"illustrated","id":null,"timestamp":1778013808688}
{"type":"screen-added","file":"/Users/michael/flowspace/.superpowers/brainstorm/38587-1778013595/content/waiting.html"}
{"type":"screen-added","file":"/Users/michael/flowspace/.superpowers/brainstorm/38587-1778013595/content/hero-headlines.html"}
{"source":"user-event","type":"click","text":"✦ Real-time collaboration · AI assistant · Cloud sync\n      \n      \n        One workspace.Everything in it.\n      \n      \n        Stop stitching tools together. FlowSpace brings boards, calendar, files, drawing, and AI into a single place that actually works.\n      \n    \n    \n      C\n      One workspace. Everything in it.","choice":"c","id":null,"timestamp":1778014124604}
{"source":"user-event","type":"click","text":"✦ Real-time collaboration · AI assistant · Cloud sync\n      \n      \n        One workspace.Everything in it.\n      \n      \n        Stop stitching tools together. FlowSpace brings boards, calendar, files, drawing, and AI into a single place that actually works.\n      \n    \n    \n      C\n      One workspace. Everything in it.","choice":"c","id":null,"timestamp":1778014125845}
{"type":"server-stopped","reason":"idle timeout"}
